<?xml version="1.0" encoding="UTF-8" ?>
<testsuite errors="0" failures="1" hostname="PC286314" name="com.junit.single_Test" skipped="0" tests="3" time="0.57" timestamp="2018-04-02T11:44:34">
  <properties>
    <property name="java.vendor" value="Oracle Corporation" />
    <property name="coverage.summaryxml.dir" value="reports/cobertura-summary-xml" />
    <property name="sun.java.launcher" value="SUN_STANDARD" />
    <property name="sun.management.compiler" value="HotSpot 64-Bit Tiered Compilers" />
    <property name="os.name" value="Windows 7" />
    <property name="sun.boot.class.path" value="C:\Program Files\Java\jdk1.8.0_131\jre\lib\resources.jar;C:\Program Files\Java\jdk1.8.0_131\jre\lib\rt.jar;C:\Program Files\Java\jdk1.8.0_131\jre\lib\sunrsasign.jar;C:\Program Files\Java\jdk1.8.0_131\jre\lib\jsse.jar;C:\Program Files\Java\jdk1.8.0_131\jre\lib\jce.jar;C:\Program Files\Java\jdk1.8.0_131\jre\lib\charsets.jar;C:\Program Files\Java\jdk1.8.0_131\jre\lib\jfr.jar;C:\Program Files\Java\jdk1.8.0_131\jre\classes" />
    <property name="reports.html.dir" value="reports/junit-html" />
    <property name="sun.desktop" value="windows" />
    <property name="java.vm.specification.vendor" value="Oracle Corporation" />
    <property name="ant.home" value="C:\Apache Ant 1.9.7\apache-ant-1.9.7-bin\apache-ant-1.9.7" />
    <property name="java.runtime.version" value="1.8.0_131-b11" />
    <property name="cobertura.dir" value="D:\DevOps\cobertura-2.1.1" />
    <property name="user.name" value="670390" />
    <property name="user.language" value="en" />
    <property name="sun.boot.library.path" value="C:\Program Files\Java\jdk1.8.0_131\jre\bin" />
    <property name="reports.dir" value="reports" />
    <property name="ant.project.default-target" value="coverage" />
    <property name="ant.project.name" value="cobertura.examples.basic" />
    <property name="ant.file.cobertura.examples.basic" value="D:\Workspace\Cobertura\build.xml" />
    <property name="java.version" value="1.8.0_131" />
    <property name="coverage.html.dir" value="reports/cobertura-html" />
    <property name="user.timezone" value="" />
    <property name="sun.arch.data.model" value="64" />
    <property name="java.endorsed.dirs" value="C:\Program Files\Java\jdk1.8.0_131\jre\lib\endorsed" />
    <property name="sun.cpu.isalist" value="amd64" />
    <property name="sun.jnu.encoding" value="Cp1252" />
    <property name="file.encoding.pkg" value="sun.io" />
    <property name="file.separator" value="\" />
    <property name="java.specification.name" value="Java Platform API Specification" />
    <property name="classes.dir" value="bin" />
    <property name="java.class.version" value="52.0" />
    <property name="user.country" value="US" />
    <property name="java.home" value="C:\Program Files\Java\jdk1.8.0_131\jre" />
    <property name="java.vm.info" value="mixed mode" />
    <property name="ant.file.type.cobertura.examples.basic" value="file" />
    <property name="ant.file" value="D:\Workspace\Cobertura\build.xml" />
    <property name="os.version" value="6.1" />
    <property name="path.separator" value=";" />
    <property name="java.vm.version" value="25.131-b11" />
    <property name="user.variant" value="" />
    <property name="ant.library.dir" value="C:\Apache Ant 1.9.7\apache-ant-1.9.7-bin\apache-ant-1.9.7\lib" />
    <property name="java.awt.printerjob" value="sun.awt.windows.WPrinterJob" />
    <property name="sun.io.unicode.encoding" value="UnicodeLittle" />
    <property name="awt.toolkit" value="sun.awt.windows.WToolkit" />
    <property name="user.script" value="" />
    <property name="reports.xml.dir" value="reports/junit-xml" />
    <property name="user.home" value="C:\Users\670390" />
    <property name="java.specification.vendor" value="Oracle Corporation" />
    <property name="coverage.xml.dir" value="reports/cobertura-xml" />
    <property name="java.library.path" value="C:\Program Files\Java\jdk1.8.0_131\jre\bin;C:\WINDOWS\Sun\Java\bin;C:\WINDOWS\system32;C:\WINDOWS;C:\ProgramData\Oracle\Java\javapath;C:\WINDOWS\system32;C:\WINDOWS;C:\WINDOWS\System32\Wbem;C:\WINDOWS\System32\WindowsPowerShell\v1.0\;C:\Program Files\Java\jdk1.8.0_131\bin;C:\Program Files\Java\jdk1.8.0_131\bin;D:\tomcat\apache-tomcat-8.5.24\bin;D:\DevOps\Ant\apache-ant-1.10.1\bin;D:\DevOps\apache-tomcat-8.5.24;C:\Apache Ant 1.9.7\apache-ant-1.9.7-bin\apache-ant-1.9.7\bin;D:\DevOps\apache-maven-3.5.2\bin;C:\ProgramData\Oracle\Java\javapath;C:\WINDOWS\system32;C:\WINDOWS;C:\WINDOWS\System32\Wbem;C:\WINDOWS\System32\WindowsPowerShell\v1.0\;C:\Program Files\Java\jdk1.8.0_131\bin;C:\Program Files\Java\jdk1.8.0_131\bin;D:\tomcat\apache-tomcat-8.5.24\bin;D:\DevOps\Ant\apache-ant-1.10.1\bin;D:\DevOps\apache-tomcat-8.5.24;C:\Apache Ant 1.9.7\apache-ant-1.9.7-bin\apache-ant-1.9.7\bin.;C:\Program Files\Java\jdk1.8.0_131\bin;." />
    <property name="java.vendor.url" value="http://java.oracle.com/" />
    <property name="java.vm.vendor" value="Oracle Corporation" />
    <property name="java.runtime.name" value="Java(TM) SE Runtime Environment" />
    <property name="sun.java.command" value="org.apache.tools.ant.taskdefs.optional.junit.JUnitTestRunner com.junit.single_Test skipNonTests=false filtertrace=true haltOnError=false haltOnFailure=false showoutput=false outputtoformatters=true logfailedtests=true threadid=0 logtestlistenerevents=false formatter=org.apache.tools.ant.taskdefs.optional.junit.XMLJUnitResultFormatter,D:\Workspace\Cobertura\reports\junit-xml\TEST-com.junit.single_Test.xml crashfile=D:\Workspace\Cobertura\junitvmwatcher4889038014545988598.properties propsfile=D:\Workspace\Cobertura\junit1517232430741368559.properties" />
    <property name="java.class.path" value="D:\Workspace\Cobertura\instrumented;D:\Workspace\Cobertura\bin;D:\DevOps\cobertura-2.1.1\cobertura-2.1.1-javadoc.jar;D:\DevOps\cobertura-2.1.1\cobertura-2.1.1-sources.jar;D:\DevOps\cobertura-2.1.1\cobertura-2.1.1.jar;D:\DevOps\cobertura-2.1.1\lib\asm-5.0.1.jar;D:\DevOps\cobertura-2.1.1\lib\asm-analysis-5.0.1.jar;D:\DevOps\cobertura-2.1.1\lib\asm-commons-5.0.1.jar;D:\DevOps\cobertura-2.1.1\lib\asm-tree-5.0.1.jar;D:\DevOps\cobertura-2.1.1\lib\asm-util-5.0.1.jar;D:\DevOps\cobertura-2.1.1\lib\commons-lang3-3.3.2.jar;D:\DevOps\cobertura-2.1.1\lib\hamcrest-core-1.3.jar;D:\DevOps\cobertura-2.1.1\lib\jaxen-1.1.4.jar;D:\DevOps\cobertura-2.1.1\lib\jetty-6.1.14.jar;D:\DevOps\cobertura-2.1.1\lib\jetty-util-6.1.14.jar;D:\DevOps\cobertura-2.1.1\lib\junit-4.11.jar;D:\DevOps\cobertura-2.1.1\lib\logback-classic-1.0.13.jar;D:\DevOps\cobertura-2.1.1\lib\logback-core-1.0.13.jar;D:\DevOps\cobertura-2.1.1\lib\oro-2.0.8.jar;D:\DevOps\cobertura-2.1.1\lib\servlet-api-2.5-6.1.14.jar;D:\DevOps\cobertura-2.1.1\lib\slf4j-api-1.7.5.jar;C:\Apache Ant 1.9.7\apache-ant-1.9.7-bin\apache-ant-1.9.7\lib\ant-launcher.jar;C:\Apache Ant 1.9.7\apache-ant-1.9.7-bin\apache-ant-1.9.7\lib\ant.jar;C:\Apache Ant 1.9.7\apache-ant-1.9.7-bin\apache-ant-1.9.7\lib\ant-junit.jar;C:\Apache Ant 1.9.7\apache-ant-1.9.7-bin\apache-ant-1.9.7\lib\ant-junit4.jar" />
    <property name="ant.version" value="Apache Ant(TM) version 1.9.7 compiled on April 9 2016" />
    <property name="java.vm.specification.name" value="Java Virtual Machine Specification" />
    <property name="ant.file.type" value="file" />
    <property name="java.vm.specification.version" value="1.8" />
    <property name="sun.cpu.endian" value="little" />
    <property name="sun.os.patch.level" value="Service Pack 1" />
    <property name="java.io.tmpdir" value="C:\Users\670390\AppData\Local\Temp\" />
    <property name="java.vendor.url.bug" value="http://bugreport.sun.com/bugreport/" />
    <property name="os.arch" value="amd64" />
    <property name="java.awt.graphicsenv" value="sun.awt.Win32GraphicsEnvironment" />
    <property name="instrumented.dir" value="instrumented" />
    <property name="java.ext.dirs" value="C:\Program Files\Java\jdk1.8.0_131\jre\lib\ext;C:\WINDOWS\Sun\Java\lib\ext" />
    <property name="user.dir" value="D:\Workspace\Cobertura" />
    <property name="line.separator" value="&#xd;&#xa;" />
    <property name="java.vm.name" value="Java HotSpot(TM) 64-Bit Server VM" />
    <property name="basedir" value="D:\Workspace\Cobertura" />
    <property name="ant.java.version" value="1.8" />
    <property name="ant.core.lib" value="C:\Apache Ant 1.9.7\apache-ant-1.9.7-bin\apache-ant-1.9.7\lib\ant.jar" />
    <property name="file.encoding" value="Cp1252" />
    <property name="java.specification.version" value="1.8" />
    <property name="src.dir" value="src" />
    <property name="ant.project.invoked-targets" value="coverage" />
  </properties>
  <testcase classname="com.junit.single_Test" name="test_junit2" time="0.35" />
  <testcase classname="com.junit.single_Test" name="test_junit3" time="0.037">
    <failure message="expected:&lt;7&gt; but was:&lt;6&gt;" type="junit.framework.AssertionFailedError">junit.framework.AssertionFailedError: expected:&lt;7&gt; but was:&lt;6&gt;
	at com.junit.single_Test.test_junit3(single_Test.java:28)
</failure>
  </testcase>
  <testcase classname="com.junit.single_Test" name="test_junit" time="0.0" />
  <system-out><![CDATA[17:14:34,400 |-INFO in ch.qos.logback.classic.LoggerContext[default] - Could NOT find resource [logback.groovy]
17:14:34,400 |-INFO in ch.qos.logback.classic.LoggerContext[default] - Could NOT find resource [logback-test.xml]
17:14:34,401 |-INFO in ch.qos.logback.classic.LoggerContext[default] - Found resource [logback.xml] at [jar:file:/D:/DevOps/cobertura-2.1.1/cobertura-2.1.1-sources.jar!/logback.xml]
17:14:34,402 |-WARN in ch.qos.logback.classic.LoggerContext[default] - Resource [logback.xml] occurs multiple times on the classpath.
17:14:34,403 |-WARN in ch.qos.logback.classic.LoggerContext[default] - Resource [logback.xml] occurs at [jar:file:/D:/DevOps/cobertura-2.1.1/cobertura-2.1.1.jar!/logback.xml]
17:14:34,403 |-WARN in ch.qos.logback.classic.LoggerContext[default] - Resource [logback.xml] occurs at [jar:file:/D:/DevOps/cobertura-2.1.1/cobertura-2.1.1-sources.jar!/logback.xml]
17:14:34,430 |-INFO in ch.qos.logback.core.joran.spi.ConfigurationWatchList@7ca48474 - URL [jar:file:/D:/DevOps/cobertura-2.1.1/cobertura-2.1.1-sources.jar!/logback.xml] is not of type file
17:14:34,496 |-INFO in ch.qos.logback.classic.joran.action.ConfigurationAction - debug attribute not set
17:14:34,499 |-INFO in ch.qos.logback.core.joran.action.AppenderAction - About to instantiate appender of type [ch.qos.logback.core.ConsoleAppender]
17:14:34,507 |-INFO in ch.qos.logback.core.joran.action.AppenderAction - Naming appender as [STDOUT]
17:14:34,527 |-INFO in ch.qos.logback.core.joran.action.NestedComplexPropertyIA - Assuming default type [ch.qos.logback.classic.encoder.PatternLayoutEncoder] for [encoder] property
17:14:34,561 |-INFO in ch.qos.logback.classic.joran.action.LoggerAction - Setting level of logger [net.sourceforge.cobertura] to INFO
17:14:34,561 |-INFO in ch.qos.logback.classic.joran.action.RootLoggerAction - Setting level of ROOT logger to DEBUG
17:14:34,561 |-INFO in ch.qos.logback.core.joran.action.AppenderRefAction - Attaching appender named [STDOUT] to Logger[ROOT]
17:14:34,562 |-INFO in ch.qos.logback.classic.joran.action.ConfigurationAction - End of configuration.
17:14:34,562 |-INFO in ch.qos.logback.classic.joran.JoranConfigurator@337d0578 - Registering current configuration as safe fallback point

]]></system-out>
  <system-err><![CDATA[]]></system-err>
</testsuite>
